[debug] [2024-01-04T05:50:13.653Z] ----------------------------------------------------------------------
[debug] [2024-01-04T05:50:13.657Z] Command:       /usr/local/bin/node /usr/bin/firebase serve
[debug] [2024-01-04T05:50:13.658Z] CLI Version:   12.4.0
[debug] [2024-01-04T05:50:13.658Z] Platform:      linux
[debug] [2024-01-04T05:50:13.659Z] Node Version:  v20.3.0
[debug] [2024-01-04T05:50:13.659Z] Time:          Thu Jan 04 2024 11:20:13 GMT+0530 (India Standard Time)
[debug] [2024-01-04T05:50:13.659Z] ----------------------------------------------------------------------
[debug] 
[debug] [2024-01-04T05:50:13.889Z] > command requires scopes: ["email","openid","https://www.googleapis.com/auth/cloudplatformprojects.readonly","https://www.googleapis.com/auth/firebase","https://www.googleapis.com/auth/cloud-platform"]
[debug] [2024-01-04T05:50:13.890Z] > authorizing via signed-in user (teenagoyal627@gmail.com)
[debug] [2024-01-04T05:50:13.890Z] [iam] checking project hospital-managment-final for permissions ["firebase.projects.get"]
[debug] [2024-01-04T05:50:13.893Z] >>> [apiv2][query] POST https://cloudresourcemanager.googleapis.com/v1/projects/hospital-managment-final:testIamPermissions [none]
[debug] [2024-01-04T05:50:13.894Z] >>> [apiv2][(partial)header] POST https://cloudresourcemanager.googleapis.com/v1/projects/hospital-managment-final:testIamPermissions x-goog-quota-user=projects/hospital-managment-final
[debug] [2024-01-04T05:50:13.894Z] >>> [apiv2][body] POST https://cloudresourcemanager.googleapis.com/v1/projects/hospital-managment-final:testIamPermissions {"permissions":["firebase.projects.get"]}
[debug] [2024-01-04T05:50:23.611Z] <<< [apiv2][status] POST https://cloudresourcemanager.googleapis.com/v1/projects/hospital-managment-final:testIamPermissions 200
[debug] [2024-01-04T05:50:23.612Z] <<< [apiv2][body] POST https://cloudresourcemanager.googleapis.com/v1/projects/hospital-managment-final:testIamPermissions {"permissions":["firebase.projects.get"]}
[debug] [2024-01-04T05:50:23.616Z] >>> [apiv2][query] GET https://firebase.googleapis.com/v1beta1/projects/hospital-managment-final [none]
[debug] [2024-01-04T05:50:33.025Z] <<< [apiv2][status] GET https://firebase.googleapis.com/v1beta1/projects/hospital-managment-final 200
[debug] [2024-01-04T05:50:33.026Z] <<< [apiv2][body] GET https://firebase.googleapis.com/v1beta1/projects/hospital-managment-final {"projectId":"hospital-managment-final","projectNumber":"176091692473","displayName":"Hospital Managment Final","name":"projects/hospital-managment-final","resources":{"hostingSite":"hospital-managment-final","realtimeDatabaseInstance":"hospital-managment-final-default-rtdb","storageBucket":"hospital-managment-final.appspot.com","locationId":"us-central"},"state":"ACTIVE","etag":"1_51832d61-3de5-4320-9dbb-46c54e59133a"}
[info] 
[info] === Serving from '/home/teena/Documents/Documents/TeenaDocuments/Reactjs/HospitalManagmentProject15/react-app'...
[info] 
[debug] [2024-01-04T05:50:33.058Z] defaultcredentials: writing to file /home/teena/.config/firebase/teenagoyal627_gmail_com_application_default_credentials.json
[debug] [2024-01-04T05:50:33.061Z] >>> [apiv2][query] GET https://firebasehosting.googleapis.com/v1beta1/projects/hospital-managment-final/sites 
[debug] [2024-01-04T05:50:33.075Z] Setting GAC to /home/teena/.config/firebase/teenagoyal627_gmail_com_application_default_credentials.json {"metadata":{"emulator":{"name":"functions"},"message":"Setting GAC to /home/teena/.config/firebase/teenagoyal627_gmail_com_application_default_credentials.json"}}
[debug] [2024-01-04T05:50:33.079Z] >>> [apiv2][query] GET https://firebase.googleapis.com/v1beta1/projects/hospital-managment-final/adminSdkConfig [none]
[debug] [2024-01-04T05:50:33.619Z] <<< [apiv2][status] GET https://firebase.googleapis.com/v1beta1/projects/hospital-managment-final/adminSdkConfig 200
[debug] [2024-01-04T05:50:33.620Z] <<< [apiv2][body] GET https://firebase.googleapis.com/v1beta1/projects/hospital-managment-final/adminSdkConfig {"projectId":"hospital-managment-final","databaseURL":"https://hospital-managment-final-default-rtdb.firebaseio.com","storageBucket":"hospital-managment-final.appspot.com","locationId":"us-central"}
[debug] [2024-01-04T05:50:52.474Z] <<< [apiv2][status] GET https://firebasehosting.googleapis.com/v1beta1/projects/hospital-managment-final/sites 200
[debug] [2024-01-04T05:50:52.475Z] <<< [apiv2][body] GET https://firebasehosting.googleapis.com/v1beta1/projects/hospital-managment-final/sites {"sites":[{"name":"projects/hospital-managment-final/sites/hospital-managment-final","defaultUrl":"https://hospital-managment-final.web.app","type":"DEFAULT_SITE"},{"name":"projects/hospital-managment-final/sites/portfolio-438f4","defaultUrl":"https://portfolio-438f4.web.app","type":"USER_SITE"}]}
[debug] [2024-01-04T05:50:52.478Z] >>> [apiv2][query] GET https://firebase.googleapis.com/v1beta1/projects/hospital-managment-final/webApps/-/config [none]
[debug] [2024-01-04T05:50:56.570Z] <<< [apiv2][status] GET https://firebase.googleapis.com/v1beta1/projects/hospital-managment-final/webApps/-/config 200
[debug] [2024-01-04T05:50:56.570Z] <<< [apiv2][body] GET https://firebase.googleapis.com/v1beta1/projects/hospital-managment-final/webApps/-/config {"projectId":"hospital-managment-final","databaseURL":"https://hospital-managment-final-default-rtdb.firebaseio.com","storageBucket":"hospital-managment-final.appspot.com","locationId":"us-central","apiKey":"AIzaSyA27NqehedpwJ_aKxnCyZaF5U9w7skzvHs","authDomain":"hospital-managment-final.firebaseapp.com","messagingSenderId":"176091692473"}
[debug] [2024-01-04T05:50:56.711Z] >>> [apiv2][query] GET https://firebase.googleapis.com/v1beta1/projects/hospital-managment-final [none]
[debug] [2024-01-04T05:50:57.481Z] <<< [apiv2][status] GET https://firebase.googleapis.com/v1beta1/projects/hospital-managment-final 200
[debug] [2024-01-04T05:50:57.482Z] <<< [apiv2][body] GET https://firebase.googleapis.com/v1beta1/projects/hospital-managment-final {"projectId":"hospital-managment-final","projectNumber":"176091692473","displayName":"Hospital Managment Final","name":"projects/hospital-managment-final","resources":{"hostingSite":"hospital-managment-final","realtimeDatabaseInstance":"hospital-managment-final-default-rtdb","storageBucket":"hospital-managment-final.appspot.com","locationId":"us-central"},"state":"ACTIVE","etag":"1_51832d61-3de5-4320-9dbb-46c54e59133a"}
[info] i  functions: Watching "/home/teena/Documents/Documents/TeenaDocuments/Reactjs/HospitalManagmentProject15/react-app/functions" for Cloud Functions... {"metadata":{"emulator":{"name":"functions"},"message":"Watching \"/home/teena/Documents/Documents/TeenaDocuments/Reactjs/HospitalManagmentProject15/react-app/functions\" for Cloud Functions..."}}
[error] ⬢  functions: Failed to load function definition from source: FirebaseError: could not deploy functions because the "functions" directory was not found. Please create it or specify a different source directory in firebase.json {"metadata":{"emulator":{"name":"functions"},"message":"Failed to load function definition from source: FirebaseError: could not deploy functions because the \u001b[1m\"functions\"\u001b[22m directory was not found. Please create it or specify a different source directory in firebase.json"}}
[info] i  hosting[hospital-managment-final]: Serving hosting files from: build {"metadata":{"emulator":{"name":"hosting"},"message":"Serving hosting files from: \u001b[1mbuild\u001b[22m"}}
[info] ✔  hosting[hospital-managment-final]: Local server: http://localhost:5000 {"metadata":{"emulator":{"name":"hosting"},"message":"Local server: \u001b[4m\u001b[1mhttp://localhost:5000\u001b[22m\u001b[24m"}}
[info] i  hosting: 127.0.0.1 - - [04/Jan/2024:05:56:23 +0000] "GET /signup HTTP/1.1" 200 973 "-" "Mozilla/5.0 (X11; Ubuntu; Linux x86_64; rv:109.0) Gecko/20100101 Firefox/119.0" {"metadata":{"emulator":{"name":"hosting"},"message":"127.0.0.1 - - [04/Jan/2024:05:56:23 +0000] \"GET /signup HTTP/1.1\" 200 973 \"-\" \"Mozilla/5.0 (X11; Ubuntu; Linux x86_64; rv:109.0) Gecko/20100101 Firefox/119.0\""}}
[info] i  hosting: 127.0.0.1 - - [04/Jan/2024:05:56:23 +0000] "GET /static/css/main.12d8c8ac.css HTTP/1.1" 200 - "http://localhost:5000/signup" "Mozilla/5.0 (X11; Ubuntu; Linux x86_64; rv:109.0) Gecko/20100101 Firefox/119.0" {"metadata":{"emulator":{"name":"hosting"},"message":"127.0.0.1 - - [04/Jan/2024:05:56:23 +0000] \"GET /static/css/main.12d8c8ac.css HTTP/1.1\" 200 - \"http://localhost:5000/signup\" \"Mozilla/5.0 (X11; Ubuntu; Linux x86_64; rv:109.0) Gecko/20100101 Firefox/119.0\""}}
[info] i  hosting: 127.0.0.1 - - [04/Jan/2024:05:56:23 +0000] "GET /static/js/main.efd08b30.js HTTP/1.1" 200 - "http://localhost:5000/signup" "Mozilla/5.0 (X11; Ubuntu; Linux x86_64; rv:109.0) Gecko/20100101 Firefox/119.0" {"metadata":{"emulator":{"name":"hosting"},"message":"127.0.0.1 - - [04/Jan/2024:05:56:23 +0000] \"GET /static/js/main.efd08b30.js HTTP/1.1\" 200 - \"http://localhost:5000/signup\" \"Mozilla/5.0 (X11; Ubuntu; Linux x86_64; rv:109.0) Gecko/20100101 Firefox/119.0\""}}
[info] i  hosting: 127.0.0.1 - - [04/Jan/2024:05:56:25 +0000] "GET /signup HTTP/1.1" 304 - "-" "Mozilla/5.0 (X11; Ubuntu; Linux x86_64; rv:109.0) Gecko/20100101 Firefox/119.0" {"metadata":{"emulator":{"name":"hosting"},"message":"127.0.0.1 - - [04/Jan/2024:05:56:25 +0000] \"GET /signup HTTP/1.1\" 304 - \"-\" \"Mozilla/5.0 (X11; Ubuntu; Linux x86_64; rv:109.0) Gecko/20100101 Firefox/119.0\""}}
